<?xml version="1.0" encoding="UTF-8"?>
<testng-results skipped="0" failed="0" ignored="0" total="1" passed="1">
  <reporter-output>
  </reporter-output>
  <suite name="Default suite" duration-ms="62741" started-at="2020-07-15T11:49:13 IST" finished-at="2020-07-15T11:50:16 IST">
    <groups>
    </groups>
    <test name="Default test" duration-ms="62741" started-at="2020-07-15T11:49:13 IST" finished-at="2020-07-15T11:50:16 IST">
      <class name="POM.POM2">
        <test-method status="PASS" signature="f()[pri:0, instance:POM.POM2@cd2dae5]" name="f" duration-ms="62622" started-at="2020-07-15T11:49:13 IST" finished-at="2020-07-15T11:50:16 IST">
          <reporter-output>
          </reporter-output>
        </test-method> <!-- f -->
      </class> <!-- POM.POM2 -->
    </test> <!-- Default test -->
  </suite> <!-- Default suite -->
</testng-results>
